0 info it worked if it ends with ok
1 verbose cli [ 'C:\\Program Files\\nodejs\\node.exe',
1 verbose cli   'C:\\Program Files\\nodejs\\node_modules\\npm\\bin\\npm-cli.js',
1 verbose cli   'install',
1 verbose cli   'natural' ]
2 info using npm@3.10.10
3 info using node@v6.10.2
4 silly loadCurrentTree Starting
5 silly install loadCurrentTree
6 silly install readLocalPackageData
7 silly fetchPackageMetaData natural
8 silly fetchNamedPackageData natural
9 silly mapToRegistry name natural
10 silly mapToRegistry using default registry
11 silly mapToRegistry registry https://registry.npmjs.org/
12 silly mapToRegistry data Result {
12 silly mapToRegistry   raw: 'natural',
12 silly mapToRegistry   scope: null,
12 silly mapToRegistry   escapedName: 'natural',
12 silly mapToRegistry   name: 'natural',
12 silly mapToRegistry   rawSpec: '',
12 silly mapToRegistry   spec: 'latest',
12 silly mapToRegistry   type: 'tag' }
13 silly mapToRegistry uri https://registry.npmjs.org/natural
14 verbose request uri https://registry.npmjs.org/natural
15 verbose request no auth needed
16 info attempt registry request try #1 at 8:24:27 PM
17 verbose request id ed3c670ebbc0bb02
18 verbose etag W/"58f201bd-186a9"
19 verbose lastModified Sat, 15 Apr 2017 11:19:25 GMT
20 http request GET https://registry.npmjs.org/natural
21 http 304 https://registry.npmjs.org/natural
22 verbose headers { date: 'Wed, 26 Apr 2017 02:24:28 GMT',
22 verbose headers   via: '1.1 varnish',
22 verbose headers   'cache-control': 'max-age=300',
22 verbose headers   etag: 'W/"58f201bd-186a9"',
22 verbose headers   age: '251',
22 verbose headers   connection: 'keep-alive',
22 verbose headers   'x-served-by': 'cache-sjc3647-SJC',
22 verbose headers   'x-cache': 'HIT',
22 verbose headers   'x-cache-hits': '1',
22 verbose headers   'x-timer': 'S1493173468.192720,VS0,VE1',
22 verbose headers   vary: 'Accept-Encoding' }
23 silly get cb [ 304,
23 silly get   { date: 'Wed, 26 Apr 2017 02:24:28 GMT',
23 silly get     via: '1.1 varnish',
23 silly get     'cache-control': 'max-age=300',
23 silly get     etag: 'W/"58f201bd-186a9"',
23 silly get     age: '251',
23 silly get     connection: 'keep-alive',
23 silly get     'x-served-by': 'cache-sjc3647-SJC',
23 silly get     'x-cache': 'HIT',
23 silly get     'x-cache-hits': '1',
23 silly get     'x-timer': 'S1493173468.192720,VS0,VE1',
23 silly get     vary: 'Accept-Encoding' } ]
24 verbose etag https://registry.npmjs.org/natural from cache
25 verbose get saving natural to C:\Users\Drake.bennion\AppData\Roaming\npm-cache\registry.npmjs.org\natural\.cache.json
26 verbose correctMkdir C:\Users\Drake.bennion\AppData\Roaming\npm-cache correctMkdir not in flight; initializing
27 silly install normalizeTree
28 silly loadCurrentTree Finishing
29 silly loadIdealTree Starting
30 silly install loadIdealTree
31 silly cloneCurrentTree Starting
32 silly install cloneCurrentTreeToIdealTree
33 silly cloneCurrentTree Finishing
34 silly loadShrinkwrap Starting
35 silly install loadShrinkwrap
36 silly loadShrinkwrap Finishing
37 silly loadAllDepsIntoIdealTree Starting
38 silly install loadAllDepsIntoIdealTree
39 silly resolveWithNewModule natural@0.5.1 checking installable status
40 silly cache add args [ 'natural', null ]
41 verbose cache add spec natural
42 silly cache add parsed spec Result {
42 silly cache add   raw: 'natural',
42 silly cache add   scope: null,
42 silly cache add   escapedName: 'natural',
42 silly cache add   name: 'natural',
42 silly cache add   rawSpec: '',
42 silly cache add   spec: 'latest',
42 silly cache add   type: 'tag' }
43 silly addNamed natural@latest
44 verbose addNamed "latest" is being treated as a dist-tag for natural
45 info addNameTag [ 'natural', 'latest' ]
46 silly mapToRegistry name natural
47 silly mapToRegistry using default registry
48 silly mapToRegistry registry https://registry.npmjs.org/
49 silly mapToRegistry data Result {
49 silly mapToRegistry   raw: 'natural',
49 silly mapToRegistry   scope: null,
49 silly mapToRegistry   escapedName: 'natural',
49 silly mapToRegistry   name: 'natural',
49 silly mapToRegistry   rawSpec: '',
49 silly mapToRegistry   spec: 'latest',
49 silly mapToRegistry   type: 'tag' }
50 silly mapToRegistry uri https://registry.npmjs.org/natural
51 verbose addNameTag registry:https://registry.npmjs.org/natural not in flight; fetching
52 verbose get https://registry.npmjs.org/natural not expired, no request
53 silly addNameTag next cb for natural with tag latest
54 silly addNamed natural@0.5.1
55 verbose addNamed "0.5.1" is a plain semver version for natural
56 silly cache afterAdd natural@0.5.1
57 verbose afterAdd C:\Users\Drake.bennion\AppData\Roaming\npm-cache\natural\0.5.1\package\package.json not in flight; writing
58 verbose correctMkdir C:\Users\Drake.bennion\AppData\Roaming\npm-cache correctMkdir not in flight; initializing
59 verbose afterAdd C:\Users\Drake.bennion\AppData\Roaming\npm-cache\natural\0.5.1\package\package.json written
60 silly fetchNamedPackageData webworker-threads
61 silly mapToRegistry name webworker-threads
62 silly mapToRegistry using default registry
63 silly mapToRegistry registry https://registry.npmjs.org/
64 silly mapToRegistry data Result {
64 silly mapToRegistry   raw: 'webworker-threads',
64 silly mapToRegistry   scope: null,
64 silly mapToRegistry   escapedName: 'webworker-threads',
64 silly mapToRegistry   name: 'webworker-threads',
64 silly mapToRegistry   rawSpec: '',
64 silly mapToRegistry   spec: 'latest',
64 silly mapToRegistry   type: 'tag' }
65 silly mapToRegistry uri https://registry.npmjs.org/webworker-threads
66 verbose request uri https://registry.npmjs.org/webworker-threads
67 verbose request no auth needed
68 info attempt registry request try #1 at 8:24:28 PM
69 verbose etag W/"58e3325b-20065"
70 verbose lastModified Tue, 04 Apr 2017 05:42:51 GMT
71 http request GET https://registry.npmjs.org/webworker-threads
72 http 304 https://registry.npmjs.org/webworker-threads
73 verbose headers { date: 'Wed, 26 Apr 2017 02:24:28 GMT',
73 verbose headers   via: '1.1 varnish',
73 verbose headers   'cache-control': 'max-age=300',
73 verbose headers   etag: 'W/"58e3325b-20065"',
73 verbose headers   age: '251',
73 verbose headers   connection: 'keep-alive',
73 verbose headers   'x-served-by': 'cache-sjc3647-SJC',
73 verbose headers   'x-cache': 'HIT',
73 verbose headers   'x-cache-hits': '1',
73 verbose headers   'x-timer': 'S1493173468.347842,VS0,VE1',
73 verbose headers   vary: 'Accept-Encoding' }
74 silly get cb [ 304,
74 silly get   { date: 'Wed, 26 Apr 2017 02:24:28 GMT',
74 silly get     via: '1.1 varnish',
74 silly get     'cache-control': 'max-age=300',
74 silly get     etag: 'W/"58e3325b-20065"',
74 silly get     age: '251',
74 silly get     connection: 'keep-alive',
74 silly get     'x-served-by': 'cache-sjc3647-SJC',
74 silly get     'x-cache': 'HIT',
74 silly get     'x-cache-hits': '1',
74 silly get     'x-timer': 'S1493173468.347842,VS0,VE1',
74 silly get     vary: 'Accept-Encoding' } ]
75 verbose etag https://registry.npmjs.org/webworker-threads from cache
76 verbose get saving webworker-threads to C:\Users\Drake.bennion\AppData\Roaming\npm-cache\registry.npmjs.org\webworker-threads\.cache.json
77 verbose correctMkdir C:\Users\Drake.bennion\AppData\Roaming\npm-cache correctMkdir not in flight; initializing
78 silly resolveWithNewModule webworker-threads@0.7.11 checking installable status
79 silly cache add args [ 'webworker-threads@>=0.6.2', null ]
80 verbose cache add spec webworker-threads@>=0.6.2
81 silly cache add parsed spec Result {
81 silly cache add   raw: 'webworker-threads@>=0.6.2',
81 silly cache add   scope: null,
81 silly cache add   escapedName: 'webworker-threads',
81 silly cache add   name: 'webworker-threads',
81 silly cache add   rawSpec: '>=0.6.2',
81 silly cache add   spec: '>=0.6.2',
81 silly cache add   type: 'range' }
82 silly addNamed webworker-threads@>=0.6.2
83 verbose addNamed ">=0.6.2" is a valid semver range for webworker-threads
84 silly addNameRange { name: 'webworker-threads', range: '>=0.6.2', hasData: false }
85 silly mapToRegistry name webworker-threads
86 silly mapToRegistry using default registry
87 silly mapToRegistry registry https://registry.npmjs.org/
88 silly mapToRegistry data Result {
88 silly mapToRegistry   raw: 'webworker-threads',
88 silly mapToRegistry   scope: null,
88 silly mapToRegistry   escapedName: 'webworker-threads',
88 silly mapToRegistry   name: 'webworker-threads',
88 silly mapToRegistry   rawSpec: '',
88 silly mapToRegistry   spec: 'latest',
88 silly mapToRegistry   type: 'tag' }
89 silly mapToRegistry uri https://registry.npmjs.org/webworker-threads
90 verbose addNameRange registry:https://registry.npmjs.org/webworker-threads not in flight; fetching
91 verbose get https://registry.npmjs.org/webworker-threads not expired, no request
92 silly addNameRange number 2 { name: 'webworker-threads', range: '>=0.6.2', hasData: true }
93 silly addNameRange versions [ 'webworker-threads',
93 silly addNameRange   [ '0.3.0',
93 silly addNameRange     '0.3.1',
93 silly addNameRange     '0.3.2',
93 silly addNameRange     '0.4.0',
93 silly addNameRange     '0.4.1',
93 silly addNameRange     '0.4.2',
93 silly addNameRange     '0.4.3',
93 silly addNameRange     '0.4.4',
93 silly addNameRange     '0.4.5',
93 silly addNameRange     '0.4.6',
93 silly addNameRange     '0.4.7',
93 silly addNameRange     '0.4.8',
93 silly addNameRange     '0.4.9',
93 silly addNameRange     '0.4.10',
93 silly addNameRange     '0.4.11',
93 silly addNameRange     '0.4.12',
93 silly addNameRange     '0.4.13',
93 silly addNameRange     '0.5.1',
93 silly addNameRange     '0.5.2',
93 silly addNameRange     '0.5.3',
93 silly addNameRange     '0.5.5',
93 silly addNameRange     '0.5.6',
93 silly addNameRange     '0.5.7',
93 silly addNameRange     '0.6.0',
93 silly addNameRange     '0.6.1',
93 silly addNameRange     '0.6.2',
93 silly addNameRange     '0.6.3',
93 silly addNameRange     '0.7.0',
93 silly addNameRange     '0.7.1',
93 silly addNameRange     '0.6.4',
93 silly addNameRange     '0.7.2',
93 silly addNameRange     '0.7.3',
93 silly addNameRange     '0.7.4',
93 silly addNameRange     '0.7.5',
93 silly addNameRange     '0.7.7',
93 silly addNameRange     '0.7.8',
93 silly addNameRange     '0.7.9',
93 silly addNameRange     '0.7.10',
93 silly addNameRange     '0.7.11' ] ]
94 silly addNamed webworker-threads@0.7.11
95 verbose addNamed "0.7.11" is a plain semver version for webworker-threads
96 silly cache afterAdd webworker-threads@0.7.11
97 verbose afterAdd C:\Users\Drake.bennion\AppData\Roaming\npm-cache\webworker-threads\0.7.11\package\package.json not in flight; writing
98 verbose correctMkdir C:\Users\Drake.bennion\AppData\Roaming\npm-cache correctMkdir not in flight; initializing
99 verbose afterAdd C:\Users\Drake.bennion\AppData\Roaming\npm-cache\webworker-threads\0.7.11\package\package.json written
100 silly fetchNamedPackageData bindings
101 silly mapToRegistry name bindings
102 silly mapToRegistry using default registry
103 silly mapToRegistry registry https://registry.npmjs.org/
104 silly mapToRegistry data Result {
104 silly mapToRegistry   raw: 'bindings',
104 silly mapToRegistry   scope: null,
104 silly mapToRegistry   escapedName: 'bindings',
104 silly mapToRegistry   name: 'bindings',
104 silly mapToRegistry   rawSpec: '',
104 silly mapToRegistry   spec: 'latest',
104 silly mapToRegistry   type: 'tag' }
105 silly mapToRegistry uri https://registry.npmjs.org/bindings
106 silly fetchNamedPackageData nan
107 silly mapToRegistry name nan
108 silly mapToRegistry using default registry
109 silly mapToRegistry registry https://registry.npmjs.org/
110 silly mapToRegistry data Result {
110 silly mapToRegistry   raw: 'nan',
110 silly mapToRegistry   scope: null,
110 silly mapToRegistry   escapedName: 'nan',
110 silly mapToRegistry   name: 'nan',
110 silly mapToRegistry   rawSpec: '',
110 silly mapToRegistry   spec: 'latest',
110 silly mapToRegistry   type: 'tag' }
111 silly mapToRegistry uri https://registry.npmjs.org/nan
112 verbose request uri https://registry.npmjs.org/bindings
113 verbose request no auth needed
114 info attempt registry request try #1 at 8:24:28 PM
115 verbose etag W/"580645d3-46f7"
116 verbose lastModified Tue, 18 Oct 2016 15:54:59 GMT
117 http request GET https://registry.npmjs.org/bindings
118 verbose request uri https://registry.npmjs.org/nan
119 verbose request no auth needed
120 info attempt registry request try #1 at 8:24:28 PM
121 verbose etag W/"58ee904e-1f9bf"
122 verbose lastModified Wed, 12 Apr 2017 20:38:38 GMT
123 http request GET https://registry.npmjs.org/nan
124 http 304 https://registry.npmjs.org/bindings
125 verbose headers { date: 'Wed, 26 Apr 2017 02:24:28 GMT',
125 verbose headers   via: '1.1 varnish',
125 verbose headers   'cache-control': 'max-age=300',
125 verbose headers   etag: 'W/"580645d3-46f7"',
125 verbose headers   age: '59',
125 verbose headers   connection: 'keep-alive',
125 verbose headers   'x-served-by': 'cache-sjc3647-SJC',
125 verbose headers   'x-cache': 'HIT',
125 verbose headers   'x-cache-hits': '1',
125 verbose headers   'x-timer': 'S1493173468.434733,VS0,VE1',
125 verbose headers   vary: 'Accept-Encoding' }
126 silly get cb [ 304,
126 silly get   { date: 'Wed, 26 Apr 2017 02:24:28 GMT',
126 silly get     via: '1.1 varnish',
126 silly get     'cache-control': 'max-age=300',
126 silly get     etag: 'W/"580645d3-46f7"',
126 silly get     age: '59',
126 silly get     connection: 'keep-alive',
126 silly get     'x-served-by': 'cache-sjc3647-SJC',
126 silly get     'x-cache': 'HIT',
126 silly get     'x-cache-hits': '1',
126 silly get     'x-timer': 'S1493173468.434733,VS0,VE1',
126 silly get     vary: 'Accept-Encoding' } ]
127 verbose etag https://registry.npmjs.org/bindings from cache
128 verbose get saving bindings to C:\Users\Drake.bennion\AppData\Roaming\npm-cache\registry.npmjs.org\bindings\.cache.json
129 verbose correctMkdir C:\Users\Drake.bennion\AppData\Roaming\npm-cache correctMkdir not in flight; initializing
130 silly resolveWithNewModule bindings@1.2.1 checking installable status
131 silly cache add args [ 'bindings@^1.2.1', null ]
132 verbose cache add spec bindings@^1.2.1
133 silly cache add parsed spec Result {
133 silly cache add   raw: 'bindings@^1.2.1',
133 silly cache add   scope: null,
133 silly cache add   escapedName: 'bindings',
133 silly cache add   name: 'bindings',
133 silly cache add   rawSpec: '^1.2.1',
133 silly cache add   spec: '>=1.2.1 <2.0.0',
133 silly cache add   type: 'range' }
134 silly addNamed bindings@>=1.2.1 <2.0.0
135 verbose addNamed ">=1.2.1 <2.0.0" is a valid semver range for bindings
136 silly addNameRange { name: 'bindings', range: '>=1.2.1 <2.0.0', hasData: false }
137 silly mapToRegistry name bindings
138 silly mapToRegistry using default registry
139 silly mapToRegistry registry https://registry.npmjs.org/
140 silly mapToRegistry data Result {
140 silly mapToRegistry   raw: 'bindings',
140 silly mapToRegistry   scope: null,
140 silly mapToRegistry   escapedName: 'bindings',
140 silly mapToRegistry   name: 'bindings',
140 silly mapToRegistry   rawSpec: '',
140 silly mapToRegistry   spec: 'latest',
140 silly mapToRegistry   type: 'tag' }
141 silly mapToRegistry uri https://registry.npmjs.org/bindings
142 verbose addNameRange registry:https://registry.npmjs.org/bindings not in flight; fetching
143 verbose get https://registry.npmjs.org/bindings not expired, no request
144 silly addNameRange number 2 { name: 'bindings', range: '>=1.2.1 <2.0.0', hasData: true }
145 silly addNameRange versions [ 'bindings',
145 silly addNameRange   [ '0.0.1',
145 silly addNameRange     '0.1.0',
145 silly addNameRange     '0.1.1',
145 silly addNameRange     '0.2.0',
145 silly addNameRange     '0.2.1',
145 silly addNameRange     '0.2.2',
145 silly addNameRange     '0.2.3',
145 silly addNameRange     '0.2.4',
145 silly addNameRange     '0.3.0',
145 silly addNameRange     '0.4.0',
145 silly addNameRange     '1.0.0',
145 silly addNameRange     '1.1.0',
145 silly addNameRange     '1.1.1',
145 silly addNameRange     '1.2.0',
145 silly addNameRange     '1.2.1' ] ]
146 silly addNamed bindings@1.2.1
147 verbose addNamed "1.2.1" is a plain semver version for bindings
148 silly cache afterAdd bindings@1.2.1
149 verbose afterAdd C:\Users\Drake.bennion\AppData\Roaming\npm-cache\bindings\1.2.1\package\package.json not in flight; writing
150 verbose correctMkdir C:\Users\Drake.bennion\AppData\Roaming\npm-cache correctMkdir not in flight; initializing
151 verbose afterAdd C:\Users\Drake.bennion\AppData\Roaming\npm-cache\bindings\1.2.1\package\package.json written
152 http 304 https://registry.npmjs.org/nan
153 verbose headers { date: 'Wed, 26 Apr 2017 02:24:28 GMT',
153 verbose headers   via: '1.1 varnish',
153 verbose headers   'cache-control': 'max-age=300',
153 verbose headers   etag: 'W/"58ee904e-1f9bf"',
153 verbose headers   age: '200',
153 verbose headers   connection: 'keep-alive',
153 verbose headers   'x-served-by': 'cache-sjc3620-SJC',
153 verbose headers   'x-cache': 'HIT',
153 verbose headers   'x-cache-hits': '1',
153 verbose headers   'x-timer': 'S1493173469.511862,VS0,VE1',
153 verbose headers   vary: 'Accept-Encoding' }
154 silly get cb [ 304,
154 silly get   { date: 'Wed, 26 Apr 2017 02:24:28 GMT',
154 silly get     via: '1.1 varnish',
154 silly get     'cache-control': 'max-age=300',
154 silly get     etag: 'W/"58ee904e-1f9bf"',
154 silly get     age: '200',
154 silly get     connection: 'keep-alive',
154 silly get     'x-served-by': 'cache-sjc3620-SJC',
154 silly get     'x-cache': 'HIT',
154 silly get     'x-cache-hits': '1',
154 silly get     'x-timer': 'S1493173469.511862,VS0,VE1',
154 silly get     vary: 'Accept-Encoding' } ]
155 verbose etag https://registry.npmjs.org/nan from cache
156 verbose get saving nan to C:\Users\Drake.bennion\AppData\Roaming\npm-cache\registry.npmjs.org\nan\.cache.json
157 verbose correctMkdir C:\Users\Drake.bennion\AppData\Roaming\npm-cache correctMkdir not in flight; initializing
158 silly resolveWithNewModule nan@2.6.2 checking installable status
159 silly cache add args [ 'nan@^2.4.0', null ]
160 verbose cache add spec nan@^2.4.0
161 silly cache add parsed spec Result {
161 silly cache add   raw: 'nan@^2.4.0',
161 silly cache add   scope: null,
161 silly cache add   escapedName: 'nan',
161 silly cache add   name: 'nan',
161 silly cache add   rawSpec: '^2.4.0',
161 silly cache add   spec: '>=2.4.0 <3.0.0',
161 silly cache add   type: 'range' }
162 silly addNamed nan@>=2.4.0 <3.0.0
163 verbose addNamed ">=2.4.0 <3.0.0" is a valid semver range for nan
164 silly addNameRange { name: 'nan', range: '>=2.4.0 <3.0.0', hasData: false }
165 silly mapToRegistry name nan
166 silly mapToRegistry using default registry
167 silly mapToRegistry registry https://registry.npmjs.org/
168 silly mapToRegistry data Result {
168 silly mapToRegistry   raw: 'nan',
168 silly mapToRegistry   scope: null,
168 silly mapToRegistry   escapedName: 'nan',
168 silly mapToRegistry   name: 'nan',
168 silly mapToRegistry   rawSpec: '',
168 silly mapToRegistry   spec: 'latest',
168 silly mapToRegistry   type: 'tag' }
169 silly mapToRegistry uri https://registry.npmjs.org/nan
170 verbose addNameRange registry:https://registry.npmjs.org/nan not in flight; fetching
171 verbose get https://registry.npmjs.org/nan not expired, no request
172 silly addNameRange number 2 { name: 'nan', range: '>=2.4.0 <3.0.0', hasData: true }
173 silly addNameRange versions [ 'nan',
173 silly addNameRange   [ '0.3.0-wip',
173 silly addNameRange     '0.3.0-wip2',
173 silly addNameRange     '0.3.0',
173 silly addNameRange     '0.3.1',
173 silly addNameRange     '0.3.2',
173 silly addNameRange     '0.4.0',
173 silly addNameRange     '0.4.1',
173 silly addNameRange     '0.4.2',
173 silly addNameRange     '0.4.3',
173 silly addNameRange     '0.4.4',
173 silly addNameRange     '0.5.0',
173 silly addNameRange     '0.5.1',
173 silly addNameRange     '0.5.2',
173 silly addNameRange     '0.6.0',
173 silly addNameRange     '0.7.0',
173 silly addNameRange     '0.7.1',
173 silly addNameRange     '0.8.0',
173 silly addNameRange     '1.0.0',
173 silly addNameRange     '1.1.0',
173 silly addNameRange     '1.1.1',
173 silly addNameRange     '1.1.2',
173 silly addNameRange     '1.2.0',
173 silly addNameRange     '1.3.0',
173 silly addNameRange     '1.4.0',
173 silly addNameRange     '1.4.1',
173 silly addNameRange     '1.5.0',
173 silly addNameRange     '1.4.2',
173 silly addNameRange     '1.4.3',
173 silly addNameRange     '1.5.1',
173 silly addNameRange     '1.5.2',
173 silly addNameRange     '1.6.0',
173 silly addNameRange     '1.5.3',
173 silly addNameRange     '1.6.1',
173 silly addNameRange     '1.6.2',
173 silly addNameRange     '1.7.0',
173 silly addNameRange     '1.8.0',
173 silly addNameRange     '1.8.1',
173 silly addNameRange     '1.8.2',
173 silly addNameRange     '1.8.3',
173 silly addNameRange     '1.8.4',
173 silly addNameRange     '1.9.0',
173 silly addNameRange     '2.0.0',
173 silly addNameRange     '2.0.1',
173 silly addNameRange     '2.0.2',
173 silly addNameRange     '2.0.3',
173 silly addNameRange     '2.0.4',
173 silly addNameRange     '2.0.5',
173 silly addNameRange     '2.0.6',
173 silly addNameRange     '2.0.7',
173 silly addNameRange     '2.0.8',
173 silly addNameRange     '2.0.9',
173 silly addNameRange     '2.1.0',
173 silly addNameRange     '2.2.0',
173 silly addNameRange     '2.2.1',
173 silly addNameRange     '2.3.0',
173 silly addNameRange     '2.3.1',
173 silly addNameRange     '2.3.2',
173 silly addNameRange     '2.3.3',
173 silly addNameRange     '2.3.4',
173 silly addNameRange     '2.3.5',
173 silly addNameRange     '2.4.0',
173 silly addNameRange     '2.5.0',
173 silly addNameRange     '2.5.1',
173 silly addNameRange     '2.6.0',
173 silly addNameRange     '2.6.1',
173 silly addNameRange     '2.6.2' ] ]
174 silly addNamed nan@2.6.2
175 verbose addNamed "2.6.2" is a plain semver version for nan
176 silly cache afterAdd nan@2.6.2
177 verbose afterAdd C:\Users\Drake.bennion\AppData\Roaming\npm-cache\nan\2.6.2\package\package.json not in flight; writing
178 verbose correctMkdir C:\Users\Drake.bennion\AppData\Roaming\npm-cache correctMkdir not in flight; initializing
179 verbose afterAdd C:\Users\Drake.bennion\AppData\Roaming\npm-cache\nan\2.6.2\package\package.json written
180 silly loadAllDepsIntoIdealTree Finishing
181 silly loadIdealTree Finishing
182 silly currentTree nlp
182 silly currentTree +-- apparatus@0.0.9
182 silly currentTree +-- compromise@10.0.1
182 silly currentTree +-- sylvester@0.0.21
182 silly currentTree `-- underscore@1.8.3
183 silly idealTree nlp
183 silly idealTree +-- apparatus@0.0.9
183 silly idealTree +-- bindings@1.2.1
183 silly idealTree +-- compromise@10.0.1
183 silly idealTree +-- nan@2.6.2
183 silly idealTree +-- natural@0.5.1
183 silly idealTree +-- sylvester@0.0.21
183 silly idealTree +-- underscore@1.8.3
183 silly idealTree `-- webworker-threads@0.7.11
184 silly generateActionsToTake Starting
185 silly install generateActionsToTake
186 silly generateActionsToTake Finishing
187 silly diffTrees action count 4
188 silly diffTrees add bindings@1.2.1
189 silly diffTrees add nan@2.6.2
190 silly diffTrees add webworker-threads@0.7.11
191 silly diffTrees add natural@0.5.1
192 silly decomposeActions action count 32
193 silly decomposeActions fetch bindings@1.2.1
194 silly decomposeActions extract bindings@1.2.1
195 silly decomposeActions test bindings@1.2.1
196 silly decomposeActions preinstall bindings@1.2.1
197 silly decomposeActions build bindings@1.2.1
198 silly decomposeActions install bindings@1.2.1
199 silly decomposeActions postinstall bindings@1.2.1
200 silly decomposeActions finalize bindings@1.2.1
201 silly decomposeActions fetch nan@2.6.2
202 silly decomposeActions extract nan@2.6.2
203 silly decomposeActions test nan@2.6.2
204 silly decomposeActions preinstall nan@2.6.2
205 silly decomposeActions build nan@2.6.2
206 silly decomposeActions install nan@2.6.2
207 silly decomposeActions postinstall nan@2.6.2
208 silly decomposeActions finalize nan@2.6.2
209 silly decomposeActions fetch webworker-threads@0.7.11
210 silly decomposeActions extract webworker-threads@0.7.11
211 silly decomposeActions test webworker-threads@0.7.11
212 silly decomposeActions preinstall webworker-threads@0.7.11
213 silly decomposeActions build webworker-threads@0.7.11
214 silly decomposeActions install webworker-threads@0.7.11
215 silly decomposeActions postinstall webworker-threads@0.7.11
216 silly decomposeActions finalize webworker-threads@0.7.11
217 silly decomposeActions fetch natural@0.5.1
218 silly decomposeActions extract natural@0.5.1
219 silly decomposeActions test natural@0.5.1
220 silly decomposeActions preinstall natural@0.5.1
221 silly decomposeActions build natural@0.5.1
222 silly decomposeActions install natural@0.5.1
223 silly decomposeActions postinstall natural@0.5.1
224 silly decomposeActions finalize natural@0.5.1
225 silly runTopLevelLifecycles Starting
226 silly executeActions Starting
227 silly install executeActions
228 silly doSerial global-install 0
229 silly doParallel fetch 4
230 verbose correctMkdir C:\Users\Drake.bennion\AppData\Roaming\npm-cache\_locks correctMkdir not in flight; initializing
231 verbose lock using C:\Users\Drake.bennion\AppData\Roaming\npm-cache\_locks\staging-1b6f4bce48ad5002.lock for D:\nlp\node_modules\.staging
232 silly doParallel extract 4
233 silly extract bindings@1.2.1
234 silly extract nan@2.6.2
235 silly extract webworker-threads@0.7.11
236 silly extract natural@0.5.1
237 verbose unbuild node_modules\.staging\webworker-threads-683112e8
238 verbose unbuild node_modules\.staging\nan-f7fdf929
239 verbose unbuild node_modules\.staging\bindings-bb3ce638
240 verbose unbuild node_modules\.staging\natural-a511db6b
241 silly gentlyRm D:\nlp\node_modules\.staging\webworker-threads-683112e8 is being purged from base D:\nlp
242 verbose gentlyRm don't care about contents; nuking D:\nlp\node_modules\.staging\webworker-threads-683112e8
243 silly gentlyRm D:\nlp\node_modules\.staging\bindings-bb3ce638 is being purged from base D:\nlp
244 verbose gentlyRm don't care about contents; nuking D:\nlp\node_modules\.staging\bindings-bb3ce638
245 silly gentlyRm D:\nlp\node_modules\.staging\nan-f7fdf929 is being purged from base D:\nlp
246 verbose gentlyRm don't care about contents; nuking D:\nlp\node_modules\.staging\nan-f7fdf929
247 silly gentlyRm D:\nlp\node_modules\.staging\natural-a511db6b is being purged from base D:\nlp
248 verbose gentlyRm don't care about contents; nuking D:\nlp\node_modules\.staging\natural-a511db6b
249 verbose tar unpack C:\Users\Drake.bennion\AppData\Roaming\npm-cache\webworker-threads\0.7.11\package.tgz
250 verbose tar unpacking to D:\nlp\node_modules\.staging\webworker-threads-683112e8
251 silly gentlyRm D:\nlp\node_modules\.staging\webworker-threads-683112e8 is being purged
252 verbose gentlyRm don't care about contents; nuking D:\nlp\node_modules\.staging\webworker-threads-683112e8
253 verbose tar unpack C:\Users\Drake.bennion\AppData\Roaming\npm-cache\bindings\1.2.1\package.tgz
254 verbose tar unpacking to D:\nlp\node_modules\.staging\bindings-bb3ce638
255 silly gentlyRm D:\nlp\node_modules\.staging\bindings-bb3ce638 is being purged
256 verbose gentlyRm don't care about contents; nuking D:\nlp\node_modules\.staging\bindings-bb3ce638
257 verbose tar unpack C:\Users\Drake.bennion\AppData\Roaming\npm-cache\nan\2.6.2\package.tgz
258 verbose tar unpacking to D:\nlp\node_modules\.staging\nan-f7fdf929
259 silly gentlyRm D:\nlp\node_modules\.staging\nan-f7fdf929 is being purged
260 verbose gentlyRm don't care about contents; nuking D:\nlp\node_modules\.staging\nan-f7fdf929
261 verbose tar unpack C:\Users\Drake.bennion\AppData\Roaming\npm-cache\natural\0.5.1\package.tgz
262 verbose tar unpacking to D:\nlp\node_modules\.staging\natural-a511db6b
263 silly gentlyRm D:\nlp\node_modules\.staging\natural-a511db6b is being purged
264 verbose gentlyRm don't care about contents; nuking D:\nlp\node_modules\.staging\natural-a511db6b
265 silly gunzTarPerm modes [ '777', '666' ]
266 silly gunzTarPerm modes [ '777', '666' ]
267 silly gunzTarPerm modes [ '777', '666' ]
268 silly gunzTarPerm modes [ '777', '666' ]
269 silly gunzTarPerm extractEntry package.json
270 silly gunzTarPerm modified mode [ 'package.json', 436, 438 ]
271 silly gunzTarPerm extractEntry package.json
272 silly gunzTarPerm modified mode [ 'package.json', 420, 438 ]
273 silly gunzTarPerm extractEntry package.json
274 silly gunzTarPerm modified mode [ 'package.json', 436, 438 ]
275 silly gunzTarPerm extractEntry package.json
276 silly gunzTarPerm modified mode [ 'package.json', 436, 438 ]
277 silly gunzTarPerm extractEntry README.md
278 silly gunzTarPerm modified mode [ 'README.md', 420, 438 ]
279 silly gunzTarPerm extractEntry bindings.js
280 silly gunzTarPerm modified mode [ 'bindings.js', 420, 438 ]
281 silly gunzTarPerm extractEntry .npmignore
282 silly gunzTarPerm modified mode [ '.npmignore', 420, 438 ]
283 silly gunzTarPerm extractEntry README.md
284 silly gunzTarPerm modified mode [ 'README.md', 436, 438 ]
285 silly gunzTarPerm extractEntry .npmignore
286 silly gunzTarPerm modified mode [ '.npmignore', 436, 438 ]
287 silly gunzTarPerm extractEntry README.md
288 silly gunzTarPerm modified mode [ 'README.md', 436, 438 ]
289 silly gunzTarPerm extractEntry README.md
290 silly gunzTarPerm modified mode [ 'README.md', 436, 438 ]
291 silly gunzTarPerm extractEntry include_dirs.js
292 silly gunzTarPerm modified mode [ 'include_dirs.js', 436, 438 ]
293 silly gunzTarPerm extractEntry index.js
294 silly gunzTarPerm modified mode [ 'index.js', 436, 438 ]
295 silly gunzTarPerm extractEntry nan_converters_43_inl.h
296 silly gunzTarPerm modified mode [ 'nan_converters_43_inl.h', 436, 438 ]
297 silly gunzTarPerm extractEntry LICENSE.md
298 silly gunzTarPerm modified mode [ 'LICENSE.md', 436, 438 ]
299 silly gunzTarPerm extractEntry doc/new.md
300 silly gunzTarPerm modified mode [ 'doc/new.md', 436, 438 ]
301 silly gunzTarPerm extractEntry LICENSE
302 silly gunzTarPerm modified mode [ 'LICENSE', 420, 438 ]
303 silly gunzTarPerm extractEntry doc/asyncworker.md
304 silly gunzTarPerm modified mode [ 'doc/asyncworker.md', 436, 438 ]
305 silly gunzTarPerm extractEntry bayes_classifier.json
306 silly gunzTarPerm modified mode [ 'bayes_classifier.json', 436, 438 ]
307 silly gunzTarPerm extractEntry CONTRIBUTING.md
308 silly gunzTarPerm modified mode [ 'CONTRIBUTING.md', 436, 438 ]
309 silly gunzTarPerm extractEntry LICENSE.txt
310 silly gunzTarPerm modified mode [ 'LICENSE.txt', 436, 438 ]
311 silly gunzTarPerm extractEntry index.js
312 silly gunzTarPerm modified mode [ 'index.js', 420, 438 ]
313 silly gunzTarPerm extractEntry test-package.js
314 silly gunzTarPerm modified mode [ 'test-package.js', 436, 438 ]
315 silly gunzTarPerm extractEntry test.js
316 silly gunzTarPerm modified mode [ 'test.js', 420, 438 ]
317 silly gunzTarPerm extractEntry Makefile
318 silly gunzTarPerm modified mode [ 'Makefile', 436, 438 ]
319 silly gunzTarPerm extractEntry deps/minifier/bin/.keep
320 silly gunzTarPerm modified mode [ 'deps/minifier/bin/.keep', 436, 438 ]
321 silly gunzTarPerm extractEntry doc/callback.md
322 silly gunzTarPerm modified mode [ 'doc/callback.md', 436, 438 ]
323 silly gunzTarPerm extractEntry doc/converters.md
324 silly gunzTarPerm modified mode [ 'doc/converters.md', 436, 438 ]
325 silly gunzTarPerm extractEntry doc/errors.md
326 silly gunzTarPerm modified mode [ 'doc/errors.md', 436, 438 ]
327 silly gunzTarPerm extractEntry doc/json.md
328 silly gunzTarPerm modified mode [ 'doc/json.md', 436, 438 ]
329 silly gunzTarPerm extractEntry doc/maybe_types.md
330 silly gunzTarPerm modified mode [ 'doc/maybe_types.md', 436, 438 ]
331 silly gunzTarPerm extractEntry doc/methods.md
332 silly gunzTarPerm modified mode [ 'doc/methods.md', 436, 438 ]
333 silly gunzTarPerm extractEntry deps/minifier/src/minify.c
334 silly gunzTarPerm modified mode [ 'deps/minifier/src/minify.c', 420, 438 ]
335 silly gunzTarPerm extractEntry deps/minifier/src/test
336 silly gunzTarPerm modified mode [ 'deps/minifier/src/test', 493, 511 ]
337 silly gunzTarPerm extractEntry doc/buffers.md
338 silly gunzTarPerm modified mode [ 'doc/buffers.md', 436, 438 ]
339 silly gunzTarPerm extractEntry doc/node_misc.md
340 silly gunzTarPerm modified mode [ 'doc/node_misc.md', 436, 438 ]
341 silly gunzTarPerm extractEntry deps/minifier/src/test.include.c
342 silly gunzTarPerm modified mode [ 'deps/minifier/src/test.include.c', 420, 438 ]
343 silly gunzTarPerm extractEntry deps/minifier/src/test_minifier.c
344 silly gunzTarPerm modified mode [ 'deps/minifier/src/test_minifier.c', 420, 438 ]
345 silly gunzTarPerm extractEntry .editorconfig
346 silly gunzTarPerm modified mode [ '.editorconfig', 436, 438 ]
347 silly gunzTarPerm extractEntry .travis.yml
348 silly gunzTarPerm modified mode [ '.travis.yml', 436, 438 ]
349 silly gunzTarPerm extractEntry TODO.md
350 silly gunzTarPerm modified mode [ 'TODO.md', 420, 438 ]
351 silly gunzTarPerm extractEntry benchmark/b00_fibonacci_server_no_threads.js
352 silly gunzTarPerm modified mode [ 'benchmark/b00_fibonacci_server_no_threads.js', 420, 438 ]
353 silly gunzTarPerm extractEntry doc/object_wrappers.md
354 silly gunzTarPerm modified mode [ 'doc/object_wrappers.md', 436, 438 ]
355 silly gunzTarPerm extractEntry doc/persistent.md
356 silly gunzTarPerm modified mode [ 'doc/persistent.md', 436, 438 ]
357 silly gentlyRm D:\nlp\node_modules\.staging\bindings-bb3ce638\node_modules is being purged
358 verbose gentlyRm don't care about contents; nuking D:\nlp\node_modules\.staging\bindings-bb3ce638\node_modules
359 silly gunzTarPerm extractEntry lib/natural/index.js
360 silly gunzTarPerm modified mode [ 'lib/natural/index.js', 436, 438 ]
361 silly gunzTarPerm extractEntry lib/natural/phonetics/dm_soundex.js
362 silly gunzTarPerm modified mode [ 'lib/natural/phonetics/dm_soundex.js', 436, 438 ]
363 silly gunzTarPerm extractEntry doc/scopes.md
364 silly gunzTarPerm modified mode [ 'doc/scopes.md', 436, 438 ]
365 silly gunzTarPerm extractEntry doc/script.md
366 silly gunzTarPerm modified mode [ 'doc/script.md', 436, 438 ]
367 silly gunzTarPerm extractEntry lib/natural/phonetics/double_metaphone.js
368 silly gunzTarPerm modified mode [ 'lib/natural/phonetics/double_metaphone.js', 436, 438 ]
369 silly gunzTarPerm extractEntry lib/natural/phonetics/metaphone.js
370 silly gunzTarPerm modified mode [ 'lib/natural/phonetics/metaphone.js', 436, 438 ]
371 silly gunzTarPerm extractEntry benchmark/b01_fibonacci_server_threads.js
372 silly gunzTarPerm modified mode [ 'benchmark/b01_fibonacci_server_threads.js', 420, 438 ]
373 silly gunzTarPerm extractEntry benchmark/b02_fibonacci_server_threads_pool.js
374 silly gunzTarPerm modified mode [ 'benchmark/b02_fibonacci_server_threads_pool.js', 420, 438 ]
375 silly gunzTarPerm extractEntry doc/string_bytes.md
376 silly gunzTarPerm modified mode [ 'doc/string_bytes.md', 436, 438 ]
377 silly gunzTarPerm extractEntry doc/v8_internals.md
378 silly gunzTarPerm modified mode [ 'doc/v8_internals.md', 436, 438 ]
379 silly gunzTarPerm extractEntry lib/natural/phonetics/phonetic.js
380 silly gunzTarPerm modified mode [ 'lib/natural/phonetics/phonetic.js', 436, 438 ]
381 silly gunzTarPerm extractEntry lib/natural/phonetics/soundex.js
382 silly gunzTarPerm modified mode [ 'lib/natural/phonetics/soundex.js', 436, 438 ]
383 silly gunzTarPerm extractEntry lib/natural/classifiers/bayes_classifier.js
384 silly gunzTarPerm modified mode [ 'lib/natural/classifiers/bayes_classifier.js', 436, 438 ]
385 silly gunzTarPerm extractEntry lib/natural/classifiers/classifier.js
386 silly gunzTarPerm modified mode [ 'lib/natural/classifiers/classifier.js', 436, 438 ]
387 silly gunzTarPerm extractEntry benchmark/b03_fibonacci_server_clustered.js
388 silly gunzTarPerm modified mode [ 'benchmark/b03_fibonacci_server_clustered.js', 420, 438 ]
389 silly gunzTarPerm extractEntry benchmark/b04_only_quick.js
390 silly gunzTarPerm modified mode [ 'benchmark/b04_only_quick.js', 420, 438 ]
391 silly gunzTarPerm extractEntry lib/natural/classifiers/logistic_regression_classifier.js
392 silly gunzTarPerm modified mode [ 'lib/natural/classifiers/logistic_regression_classifier.js',
392 silly gunzTarPerm   436,
392 silly gunzTarPerm   438 ]
393 silly gunzTarPerm extractEntry lib/natural/distance/dice_coefficient.js
394 silly gunzTarPerm modified mode [ 'lib/natural/distance/dice_coefficient.js', 436, 438 ]
395 silly gunzTarPerm extractEntry benchmark/pi.js
396 silly gunzTarPerm modified mode [ 'benchmark/pi.js', 493, 511 ]
397 silly gunzTarPerm extractEntry benchmark/pi_precompiled.js
398 silly gunzTarPerm modified mode [ 'benchmark/pi_precompiled.js', 420, 438 ]
399 silly gunzTarPerm extractEntry doc/v8_misc.md
400 silly gunzTarPerm modified mode [ 'doc/v8_misc.md', 436, 438 ]
401 silly gunzTarPerm extractEntry nan.h
402 silly gunzTarPerm modified mode [ 'nan.h', 436, 438 ]
403 silly gunzTarPerm extractEntry lib/natural/distance/jaro-winkler_distance.js
404 silly gunzTarPerm modified mode [ 'lib/natural/distance/jaro-winkler_distance.js', 436, 438 ]
405 silly gunzTarPerm extractEntry lib/natural/distance/levenshtein_distance.js
406 silly gunzTarPerm modified mode [ 'lib/natural/distance/levenshtein_distance.js', 436, 438 ]
407 silly gunzTarPerm extractEntry nan_callbacks.h
408 silly gunzTarPerm modified mode [ 'nan_callbacks.h', 436, 438 ]
409 silly gunzTarPerm extractEntry benchmark/doubles.c
410 silly gunzTarPerm modified mode [ 'benchmark/doubles.c', 420, 438 ]
411 silly gunzTarPerm extractEntry benchmark/pi.c
412 silly gunzTarPerm modified mode [ 'benchmark/pi.c', 420, 438 ]
413 silly gunzTarPerm extractEntry lib/natural/analyzers/sentence_analyzer.js
414 silly gunzTarPerm modified mode [ 'lib/natural/analyzers/sentence_analyzer.js', 436, 438 ]
415 silly gunzTarPerm extractEntry lib/natural/inflectors/count_inflector.js
416 silly gunzTarPerm modified mode [ 'lib/natural/inflectors/count_inflector.js', 436, 438 ]
417 silly gunzTarPerm extractEntry lib/natural/inflectors/form_set.js
418 silly gunzTarPerm modified mode [ 'lib/natural/inflectors/form_set.js', 436, 438 ]
419 silly gunzTarPerm extractEntry lib/natural/inflectors/noun_inflector.js
420 silly gunzTarPerm modified mode [ 'lib/natural/inflectors/noun_inflector.js', 436, 438 ]
421 silly gunzTarPerm extractEntry benchmark/pi.rb
422 silly gunzTarPerm modified mode [ 'benchmark/pi.rb', 493, 511 ]
423 silly gunzTarPerm extractEntry binding.gyp
424 silly gunzTarPerm modified mode [ 'binding.gyp', 436, 438 ]
425 silly gunzTarPerm extractEntry nan_callbacks_12_inl.h
426 silly gunzTarPerm modified mode [ 'nan_callbacks_12_inl.h', 436, 438 ]
427 silly gunzTarPerm extractEntry nan_callbacks_pre_12_inl.h
428 silly gunzTarPerm modified mode [ 'nan_callbacks_pre_12_inl.h', 436, 438 ]
429 silly gunzTarPerm extractEntry nan_converters.h
430 silly gunzTarPerm modified mode [ 'nan_converters.h', 436, 438 ]
431 silly gunzTarPerm extractEntry nan_converters_pre_43_inl.h
432 silly gunzTarPerm modified mode [ 'nan_converters_pre_43_inl.h', 436, 438 ]
433 silly gunzTarPerm extractEntry examples/demo.js
434 silly gunzTarPerm modified mode [ 'examples/demo.js', 420, 438 ]
435 silly gunzTarPerm extractEntry examples/ex03_ping_pong.js
436 silly gunzTarPerm modified mode [ 'examples/ex03_ping_pong.js', 420, 438 ]
437 silly gunzTarPerm extractEntry examples/quickIntro_multiThread.js
438 silly gunzTarPerm modified mode [ 'examples/quickIntro_multiThread.js', 420, 438 ]
439 silly gunzTarPerm extractEntry examples/ex04_main.js
440 silly gunzTarPerm modified mode [ 'examples/ex04_main.js', 420, 438 ]
441 silly gunzTarPerm extractEntry lib/natural/inflectors/present_verb_inflector.js
442 silly gunzTarPerm modified mode [ 'lib/natural/inflectors/present_verb_inflector.js', 436, 438 ]
443 silly gunzTarPerm extractEntry lib/natural/inflectors/singular_plural_inflector.js
444 silly gunzTarPerm modified mode [ 'lib/natural/inflectors/singular_plural_inflector.js',
444 silly gunzTarPerm   436,
444 silly gunzTarPerm   438 ]
445 silly gunzTarPerm extractEntry examples/quickIntro_multiThreadEvented.js
446 silly gunzTarPerm modified mode [ 'examples/quickIntro_multiThreadEvented.js', 420, 438 ]
447 silly gunzTarPerm extractEntry examples/ex04_worker.js
448 silly gunzTarPerm modified mode [ 'examples/ex04_worker.js', 420, 438 ]
449 silly gunzTarPerm extractEntry nan_implementation_12_inl.h
450 silly gunzTarPerm modified mode [ 'nan_implementation_12_inl.h', 436, 438 ]
451 silly gunzTarPerm extractEntry nan_implementation_pre_12_inl.h
452 silly gunzTarPerm modified mode [ 'nan_implementation_pre_12_inl.h', 436, 438 ]
453 silly gunzTarPerm extractEntry nan_json.h
454 silly gunzTarPerm modified mode [ 'nan_json.h', 436, 438 ]
455 silly gunzTarPerm extractEntry nan_maybe_43_inl.h
456 silly gunzTarPerm modified mode [ 'nan_maybe_43_inl.h', 436, 438 ]
457 silly gunzTarPerm extractEntry lib/natural/inflectors/fr/count_inflector.js
458 silly gunzTarPerm modified mode [ 'lib/natural/inflectors/fr/count_inflector.js', 436, 438 ]
459 silly gunzTarPerm extractEntry lib/natural/inflectors/fr/noun_inflector.js
460 silly gunzTarPerm modified mode [ 'lib/natural/inflectors/fr/noun_inflector.js', 436, 438 ]
461 silly gunzTarPerm extractEntry examples/quickIntro_fiveThreads.js
462 silly gunzTarPerm modified mode [ 'examples/quickIntro_fiveThreads.js', 420, 438 ]
463 silly gunzTarPerm extractEntry examples/ex05_pool.js
464 silly gunzTarPerm modified mode [ 'examples/ex05_pool.js', 420, 438 ]
465 silly gunzTarPerm extractEntry nan_maybe_pre_43_inl.h
466 silly gunzTarPerm modified mode [ 'nan_maybe_pre_43_inl.h', 436, 438 ]
467 silly gunzTarPerm extractEntry nan_new.h
468 silly gunzTarPerm modified mode [ 'nan_new.h', 436, 438 ]
469 silly gunzTarPerm extractEntry nan_object_wrap.h
470 silly gunzTarPerm modified mode [ 'nan_object_wrap.h', 436, 438 ]
471 silly gunzTarPerm extractEntry nan_persistent_12_inl.h
472 silly gunzTarPerm modified mode [ 'nan_persistent_12_inl.h', 436, 438 ]
473 silly gunzTarPerm extractEntry examples/quickIntro_evented_childThreadCode.js
474 silly gunzTarPerm modified mode [ 'examples/quickIntro_evented_childThreadCode.js', 420, 438 ]
475 silly gunzTarPerm extractEntry examples/ex01_basic.js
476 silly gunzTarPerm modified mode [ 'examples/ex01_basic.js', 420, 438 ]
477 silly gunzTarPerm extractEntry nan_persistent_pre_12_inl.h
478 silly gunzTarPerm modified mode [ 'nan_persistent_pre_12_inl.h', 436, 438 ]
479 silly gunzTarPerm extractEntry nan_private.h
480 silly gunzTarPerm modified mode [ 'nan_private.h', 436, 438 ]
481 silly gunzTarPerm extractEntry nan_string_bytes.h
482 silly gunzTarPerm modified mode [ 'nan_string_bytes.h', 436, 438 ]
483 silly gunzTarPerm extractEntry nan_typedarray_contents.h
484 silly gunzTarPerm modified mode [ 'nan_typedarray_contents.h', 436, 438 ]
485 silly gunzTarPerm extractEntry examples/ex02_events.js
486 silly gunzTarPerm modified mode [ 'examples/ex02_events.js', 420, 438 ]
487 silly gunzTarPerm extractEntry examples/ex06_jason.js
488 silly gunzTarPerm modified mode [ 'examples/ex06_jason.js', 420, 438 ]
489 silly gunzTarPerm extractEntry lib/natural/inflectors/ja/noun_inflector.js
490 silly gunzTarPerm modified mode [ 'lib/natural/inflectors/ja/noun_inflector.js', 436, 438 ]
491 silly gunzTarPerm extractEntry lib/natural/ngrams/ngrams.js
492 silly gunzTarPerm modified mode [ 'lib/natural/ngrams/ngrams.js', 436, 438 ]
493 silly gunzTarPerm extractEntry nan_weak.h
494 silly gunzTarPerm modified mode [ 'nan_weak.h', 436, 438 ]
495 silly gunzTarPerm extractEntry CHANGELOG.md
496 silly gunzTarPerm modified mode [ 'CHANGELOG.md', 436, 438 ]
497 silly gunzTarPerm extractEntry examples/quickIntro_oneThread.js
498 silly gunzTarPerm modified mode [ 'examples/quickIntro_oneThread.js', 420, 438 ]
499 silly gunzTarPerm extractEntry examples/quickIntro_blocking.js
500 silly gunzTarPerm modified mode [ 'examples/quickIntro_blocking.js', 420, 438 ]
501 silly gunzTarPerm extractEntry tools/package.json
502 silly gunzTarPerm modified mode [ 'tools/package.json', 436, 438 ]
503 silly gunzTarPerm extractEntry tools/README.md
504 silly gunzTarPerm modified mode [ 'tools/README.md', 436, 438 ]
505 silly gunzTarPerm extractEntry lib/natural/ngrams/ngrams_zh.js
506 silly gunzTarPerm modified mode [ 'lib/natural/ngrams/ngrams_zh.js', 436, 438 ]
507 silly gunzTarPerm extractEntry lib/natural/normalizers/normalizer.js
508 silly gunzTarPerm modified mode [ 'lib/natural/normalizers/normalizer.js', 436, 438 ]
509 silly gunzTarPerm extractEntry tools/1to2.js
510 silly gunzTarPerm modified mode [ 'tools/1to2.js', 509, 511 ]
511 silly gunzTarPerm extractEntry examples/quickIntro_loop.js
512 silly gunzTarPerm modified mode [ 'examples/quickIntro_loop.js', 420, 438 ]
513 silly gunzTarPerm extractEntry examples/quickIntro_oneThreadEvented.js
514 silly gunzTarPerm modified mode [ 'examples/quickIntro_oneThreadEvented.js', 420, 438 ]
515 silly gunzTarPerm extractEntry examples/ex06_complex.js
516 silly gunzTarPerm modified mode [ 'examples/ex06_complex.js', 420, 438 ]
517 silly gunzTarPerm extractEntry examples/fiveThreads.ls
518 silly gunzTarPerm modified mode [ 'examples/fiveThreads.ls', 493, 511 ]
519 silly gunzTarPerm extractEntry lib/natural/normalizers/normalizer_ja.js
520 silly gunzTarPerm modified mode [ 'lib/natural/normalizers/normalizer_ja.js', 436, 438 ]
521 silly gunzTarPerm extractEntry lib/natural/normalizers/normalizer_no.js
522 silly gunzTarPerm modified mode [ 'lib/natural/normalizers/normalizer_no.js', 436, 438 ]
523 silly gunzTarPerm extractEntry examples/multiThreadEvented.ls
524 silly gunzTarPerm modified mode [ 'examples/multiThreadEvented.ls', 493, 511 ]
525 silly gunzTarPerm extractEntry examples/ex06_jason.md
526 silly gunzTarPerm modified mode [ 'examples/ex06_jason.md', 420, 438 ]
527 silly gunzTarPerm extractEntry lib/natural/normalizers/remove_diacritics.js
528 silly gunzTarPerm modified mode [ 'lib/natural/normalizers/remove_diacritics.js', 436, 438 ]
529 silly gunzTarPerm extractEntry lib/natural/brill_pos_tagger/data/Dutch/README.txt
530 silly gunzTarPerm modified mode [ 'lib/natural/brill_pos_tagger/data/Dutch/README.txt',
530 silly gunzTarPerm   436,
530 silly gunzTarPerm   438 ]
531 silly gunzTarPerm extractEntry examples/ex05_pool.md
532 silly gunzTarPerm modified mode [ 'examples/ex05_pool.md', 420, 438 ]
533 silly gunzTarPerm extractEntry examples/ex04_worker.md
534 silly gunzTarPerm modified mode [ 'examples/ex04_worker.md', 420, 438 ]
535 silly gunzTarPerm extractEntry examples/ex04_main.md
536 silly gunzTarPerm modified mode [ 'examples/ex04_main.md', 420, 438 ]
537 silly gunzTarPerm extractEntry examples/ex03_ping_pong.md
538 silly gunzTarPerm modified mode [ 'examples/ex03_ping_pong.md', 420, 438 ]
539 silly gunzTarPerm extractEntry examples/ex02_events.md
540 silly gunzTarPerm modified mode [ 'examples/ex02_events.md', 420, 438 ]
541 silly gunzTarPerm extractEntry examples/ex01_basic.md
542 silly gunzTarPerm modified mode [ 'examples/ex01_basic.md', 420, 438 ]
543 silly gunzTarPerm extractEntry lib/natural/brill_pos_tagger/data/Dutch/brill_CONTEXTRULES.jg
544 silly gunzTarPerm modified mode [ 'lib/natural/brill_pos_tagger/data/Dutch/brill_CONTEXTRULES.jg',
544 silly gunzTarPerm   436,
544 silly gunzTarPerm   438 ]
545 silly gunzTarPerm extractEntry lib/natural/brill_pos_tagger/data/Dutch/brill_LEXICON.jg
546 silly gunzTarPerm modified mode [ 'lib/natural/brill_pos_tagger/data/Dutch/brill_LEXICON.jg',
546 silly gunzTarPerm   436,
546 silly gunzTarPerm   438 ]
547 silly gunzTarPerm extractEntry AUTHORS
548 silly gunzTarPerm modified mode [ 'AUTHORS', 420, 438 ]
549 silly gunzTarPerm extractEntry test.ls
550 silly gunzTarPerm modified mode [ 'test.ls', 493, 511 ]
551 silly gunzTarPerm extractEntry CHANGES.md
552 silly gunzTarPerm modified mode [ 'CHANGES.md', 436, 438 ]
553 silly gunzTarPerm extractEntry package.ls
554 silly gunzTarPerm modified mode [ 'package.ls', 509, 511 ]
555 silly gunzTarPerm extractEntry lib/natural/brill_pos_tagger/data/English/README.txt
556 silly gunzTarPerm modified mode [ 'lib/natural/brill_pos_tagger/data/English/README.txt',
556 silly gunzTarPerm   436,
556 silly gunzTarPerm   438 ]
557 silly gunzTarPerm extractEntry src/load.js
558 silly gunzTarPerm modified mode [ 'src/load.js', 436, 438 ]
559 silly gunzTarPerm extractEntry src/createPool.js
560 silly gunzTarPerm modified mode [ 'src/createPool.js', 436, 438 ]
561 silly gunzTarPerm extractEntry lib/natural/brill_pos_tagger/data/English/lexicon_from_posjs.json
562 silly gunzTarPerm modified mode [ 'lib/natural/brill_pos_tagger/data/English/lexicon_from_posjs.json',
562 silly gunzTarPerm   436,
562 silly gunzTarPerm   438 ]
563 silly gunzTarPerm extractEntry src/events.js
564 silly gunzTarPerm modified mode [ 'src/events.js', 436, 438 ]
565 silly gunzTarPerm extractEntry src/thread_nextTick.js
566 silly gunzTarPerm modified mode [ 'src/thread_nextTick.js', 436, 438 ]
567 silly gunzTarPerm extractEntry src/worker.js
568 silly gunzTarPerm modified mode [ 'src/worker.js', 436, 438 ]
569 silly gunzTarPerm extractEntry src/createPool.js.c
570 silly gunzTarPerm modified mode [ 'src/createPool.js.c', 420, 438 ]
571 silly gunzTarPerm extractEntry src/createPool.ls
572 silly gunzTarPerm modified mode [ 'src/createPool.ls', 420, 438 ]
573 silly gunzTarPerm extractEntry src/bson.cc
574 silly gunzTarPerm modified mode [ 'src/bson.cc', 436, 438 ]
575 silly gunzTarPerm extractEntry src/events.js.c
576 silly gunzTarPerm modified mode [ 'src/events.js.c', 420, 438 ]
577 silly gunzTarPerm extractEntry src/events.ls
578 silly gunzTarPerm modified mode [ 'src/events.ls', 420, 438 ]
579 silly gunzTarPerm extractEntry lib/natural/brill_pos_tagger/data/English/tr_from_brill_paper.txt
580 silly gunzTarPerm modified mode [ 'lib/natural/brill_pos_tagger/data/English/tr_from_brill_paper.txt',
580 silly gunzTarPerm   436,
580 silly gunzTarPerm   438 ]
581 silly gunzTarPerm extractEntry src/jslib.cc
582 silly gunzTarPerm modified mode [ 'src/jslib.cc', 436, 438 ]
583 silly gunzTarPerm extractEntry src/WebWorkerThreads.cc
584 silly gunzTarPerm modified mode [ 'src/WebWorkerThreads.cc', 436, 438 ]
585 silly gunzTarPerm extractEntry lib/natural/brill_pos_tagger/data/English/tr_from_posjs.txt
586 silly gunzTarPerm modified mode [ 'lib/natural/brill_pos_tagger/data/English/tr_from_posjs.txt',
586 silly gunzTarPerm   436,
586 silly gunzTarPerm   438 ]
587 silly gunzTarPerm extractEntry lib/natural/brill_pos_tagger/lib/Brill_POS_Tagger.js
588 silly gunzTarPerm modified mode [ 'lib/natural/brill_pos_tagger/lib/Brill_POS_Tagger.js',
588 silly gunzTarPerm   436,
588 silly gunzTarPerm   438 ]
589 silly gunzTarPerm extractEntry lib/natural/brill_pos_tagger/lib/Lexicon.js
590 silly gunzTarPerm modified mode [ 'lib/natural/brill_pos_tagger/lib/Lexicon.js', 436, 438 ]
591 silly gunzTarPerm extractEntry lib/natural/brill_pos_tagger/lib/Predicate.js
592 silly gunzTarPerm modified mode [ 'lib/natural/brill_pos_tagger/lib/Predicate.js', 436, 438 ]
593 silly gunzTarPerm extractEntry src/load.js.c
594 silly gunzTarPerm modified mode [ 'src/load.js.c', 436, 438 ]
595 silly gunzTarPerm extractEntry src/load.ls
596 silly gunzTarPerm modified mode [ 'src/load.ls', 420, 438 ]
597 silly gunzTarPerm extractEntry src/nan_isolate_data_accessor.h
598 silly gunzTarPerm modified mode [ 'src/nan_isolate_data_accessor.h', 420, 438 ]
599 silly gunzTarPerm extractEntry src/queues_a_gogo.cc
600 silly gunzTarPerm modified mode [ 'src/queues_a_gogo.cc', 420, 438 ]
601 silly gunzTarPerm extractEntry lib/natural/brill_pos_tagger/lib/RuleSet.js
602 silly gunzTarPerm modified mode [ 'lib/natural/brill_pos_tagger/lib/RuleSet.js', 436, 438 ]
603 silly gunzTarPerm extractEntry lib/natural/brill_pos_tagger/lib/TF_Parser.js
604 silly gunzTarPerm modified mode [ 'lib/natural/brill_pos_tagger/lib/TF_Parser.js', 436, 438 ]
605 silly gunzTarPerm extractEntry src/bson.h
606 silly gunzTarPerm modified mode [ 'src/bson.h', 420, 438 ]
607 silly gunzTarPerm extractEntry src/thread_nextTick.js.c
608 silly gunzTarPerm modified mode [ 'src/thread_nextTick.js.c', 420, 438 ]
609 silly gunzTarPerm extractEntry lib/natural/brill_pos_tagger/lib/TransformationRule.js
610 silly gunzTarPerm modified mode [ 'lib/natural/brill_pos_tagger/lib/TransformationRule.js',
610 silly gunzTarPerm   436,
610 silly gunzTarPerm   438 ]
611 silly gunzTarPerm extractEntry lib/natural/brill_pos_tagger/lib/TF_Parser.pegjs
612 silly gunzTarPerm modified mode [ 'lib/natural/brill_pos_tagger/lib/TF_Parser.pegjs', 436, 438 ]
613 silly gunzTarPerm extractEntry lib/natural/spellcheck/spellcheck.js
614 silly gunzTarPerm modified mode [ 'lib/natural/spellcheck/spellcheck.js', 436, 438 ]
615 silly gunzTarPerm extractEntry lib/natural/stemmers/lancaster_rules.js
616 silly gunzTarPerm modified mode [ 'lib/natural/stemmers/lancaster_rules.js', 436, 438 ]
617 silly gunzTarPerm extractEntry src/thread_nextTick.ls
618 silly gunzTarPerm modified mode [ 'src/thread_nextTick.ls', 420, 438 ]
619 silly gunzTarPerm extractEntry src/ArrayBufferAllocator.h
620 silly gunzTarPerm modified mode [ 'src/ArrayBufferAllocator.h', 420, 438 ]
621 silly gentlyRm D:\nlp\node_modules\.staging\nan-f7fdf929\node_modules is being purged
622 verbose gentlyRm don't care about contents; nuking D:\nlp\node_modules\.staging\nan-f7fdf929\node_modules
623 silly gunzTarPerm extractEntry src/worker.js.c
624 silly gunzTarPerm modified mode [ 'src/worker.js.c', 436, 438 ]
625 silly gunzTarPerm extractEntry src/worker.ls
626 silly gunzTarPerm modified mode [ 'src/worker.ls', 420, 438 ]
627 silly gunzTarPerm extractEntry test/ab.js
628 silly gunzTarPerm modified mode [ 'test/ab.js', 420, 438 ]
629 silly gunzTarPerm extractEntry test/test11_multi_callbacks.js
630 silly gunzTarPerm modified mode [ 'test/test11_multi_callbacks.js', 420, 438 ]
631 silly gunzTarPerm extractEntry lib/natural/stemmers/porter_stemmer_no.js
632 silly gunzTarPerm modified mode [ 'lib/natural/stemmers/porter_stemmer_no.js', 436, 438 ]
633 silly gunzTarPerm extractEntry lib/natural/stemmers/porter_stemmer_pt.js
634 silly gunzTarPerm modified mode [ 'lib/natural/stemmers/porter_stemmer_pt.js', 436, 438 ]
635 silly gunzTarPerm extractEntry test/test12_precompiled_vs_normal.js
636 silly gunzTarPerm modified mode [ 'test/test12_precompiled_vs_normal.js', 420, 438 ]
637 silly gunzTarPerm extractEntry test/test13_thread_nextTick_speed.js
638 silly gunzTarPerm modified mode [ 'test/test13_thread_nextTick_speed.js', 420, 438 ]
639 silly gunzTarPerm extractEntry test/test10_node_nextTick_speed.js
640 silly gunzTarPerm modified mode [ 'test/test10_node_nextTick_speed.js', 420, 438 ]
641 silly gunzTarPerm extractEntry test/test15_emit_ping_pong.js
642 silly gunzTarPerm modified mode [ 'test/test15_emit_ping_pong.js', 420, 438 ]
643 silly gunzTarPerm extractEntry lib/natural/stemmers/porter_stemmer_ru.js
644 silly gunzTarPerm modified mode [ 'lib/natural/stemmers/porter_stemmer_ru.js', 436, 438 ]
645 silly gunzTarPerm extractEntry lib/natural/stemmers/porter_stemmer_it.js
646 silly gunzTarPerm modified mode [ 'lib/natural/stemmers/porter_stemmer_it.js', 436, 438 ]
647 silly gunzTarPerm extractEntry test/test16_syntax_error_in_the_thread.js
648 silly gunzTarPerm modified mode [ 'test/test16_syntax_error_in_the_thread.js', 420, 438 ]
649 silly gunzTarPerm extractEntry test/test17_pool_pi.js
650 silly gunzTarPerm modified mode [ 'test/test17_pool_pi.js', 420, 438 ]
651 silly gunzTarPerm extractEntry lib/natural/stemmers/stemmer_es.js
652 silly gunzTarPerm modified mode [ 'lib/natural/stemmers/stemmer_es.js', 436, 438 ]
653 silly gunzTarPerm extractEntry lib/natural/stemmers/stemmer_fa.js
654 silly gunzTarPerm modified mode [ 'lib/natural/stemmers/stemmer_fa.js', 436, 438 ]
655 silly gunzTarPerm extractEntry test/test18_pool_any_as_fast_as_possible.js
656 silly gunzTarPerm modified mode [ 'test/test18_pool_any_as_fast_as_possible.js', 420, 438 ]
657 silly gunzTarPerm extractEntry test/test19_pool_emit_any_all.js
658 silly gunzTarPerm modified mode [ 'test/test19_pool_emit_any_all.js', 420, 438 ]
659 silly gunzTarPerm extractEntry test/test09_throw_from_the_callback.js
660 silly gunzTarPerm modified mode [ 'test/test09_throw_from_the_callback.js', 420, 438 ]
661 silly gunzTarPerm extractEntry test/test20_removeAllListeners.js
662 silly gunzTarPerm modified mode [ 'test/test20_removeAllListeners.js', 420, 438 ]
663 silly gunzTarPerm extractEntry test/test08_sigkill_leaks.js
664 silly gunzTarPerm modified mode [ 'test/test08_sigkill_leaks.js', 420, 438 ]
665 silly gunzTarPerm extractEntry test/test21_emit_ping_pong_big_string.js
666 silly gunzTarPerm modified mode [ 'test/test21_emit_ping_pong_big_string.js', 420, 438 ]
667 silly gunzTarPerm extractEntry lib/natural/stemmers/stemmer_fr.js
668 silly gunzTarPerm modified mode [ 'lib/natural/stemmers/stemmer_fr.js', 436, 438 ]
669 silly gunzTarPerm extractEntry lib/natural/stemmers/stemmer_it.js
670 silly gunzTarPerm modified mode [ 'lib/natural/stemmers/stemmer_it.js', 436, 438 ]
671 silly gunzTarPerm extractEntry test/test07_sigkill.js
672 silly gunzTarPerm modified mode [ 'test/test07_sigkill.js', 420, 438 ]
673 silly gunzTarPerm extractEntry test/test22_create_destroy_loop.js
674 silly gunzTarPerm modified mode [ 'test/test22_create_destroy_loop.js', 420, 438 ]
675 silly gunzTarPerm extractEntry lib/natural/stemmers/stemmer_ja.js
676 silly gunzTarPerm modified mode [ 'lib/natural/stemmers/stemmer_ja.js', 436, 438 ]
677 silly gunzTarPerm extractEntry lib/natural/stemmers/porter_stemmer_fr.js
678 silly gunzTarPerm modified mode [ 'lib/natural/stemmers/porter_stemmer_fr.js', 436, 438 ]
679 silly gunzTarPerm extractEntry lib/natural/stemmers/stemmer_no.js
680 silly gunzTarPerm modified mode [ 'lib/natural/stemmers/stemmer_no.js', 436, 438 ]
681 silly gunzTarPerm extractEntry lib/natural/stemmers/porter_stemmer_fa.js
682 silly gunzTarPerm modified mode [ 'lib/natural/stemmers/porter_stemmer_fa.js', 436, 438 ]
683 silly gunzTarPerm extractEntry test/test06_throw_from_the_thread.js
684 silly gunzTarPerm modified mode [ 'test/test06_throw_from_the_thread.js', 420, 438 ]
685 silly gunzTarPerm extractEntry test/test23_create_destroy_loop.js
686 silly gunzTarPerm modified mode [ 'test/test23_create_destroy_loop.js', 420, 438 ]
687 silly gunzTarPerm extractEntry lib/natural/stemmers/stemmer_pl.js
688 silly gunzTarPerm modified mode [ 'lib/natural/stemmers/stemmer_pl.js', 436, 438 ]
689 silly gunzTarPerm extractEntry lib/natural/stemmers/porter_stemmer_es.js
690 silly gunzTarPerm modified mode [ 'lib/natural/stemmers/porter_stemmer_es.js', 436, 438 ]
691 silly gunzTarPerm extractEntry test/test05_debugLeaksNoCallbacks.js
692 silly gunzTarPerm modified mode [ 'test/test05_debugLeaksNoCallbacks.js', 420, 438 ]
693 silly gunzTarPerm extractEntry test/test24_puts.js
694 silly gunzTarPerm modified mode [ 'test/test24_puts.js', 420, 438 ]
695 silly gunzTarPerm extractEntry test/test04_gc_versus_not_gc.js
696 silly gunzTarPerm modified mode [ 'test/test04_gc_versus_not_gc.js', 420, 438 ]
697 silly gunzTarPerm extractEntry test/test25_delete_puts.js
698 silly gunzTarPerm modified mode [ 'test/test25_delete_puts.js', 420, 438 ]
699 silly gunzTarPerm extractEntry lib/natural/stemmers/stemmer_pt.js
700 silly gunzTarPerm modified mode [ 'lib/natural/stemmers/stemmer_pt.js', 436, 438 ]
701 silly gunzTarPerm extractEntry lib/natural/stemmers/porter_stemmer.js
702 silly gunzTarPerm modified mode [ 'lib/natural/stemmers/porter_stemmer.js', 436, 438 ]
703 silly gunzTarPerm extractEntry test/test03_infiniteLoopFunction.js
704 silly gunzTarPerm modified mode [ 'test/test03_infiniteLoopFunction.js', 420, 438 ]
705 silly gunzTarPerm extractEntry test/test26_puts_with_many_args.js
706 silly gunzTarPerm modified mode [ 'test/test26_puts_with_many_args.js', 420, 438 ]
707 silly gunzTarPerm extractEntry lib/natural/stemmers/stemmer_ru.js
708 silly gunzTarPerm modified mode [ 'lib/natural/stemmers/stemmer_ru.js', 436, 438 ]
709 silly gunzTarPerm extractEntry lib/natural/stemmers/lancaster_stemmer.js
710 silly gunzTarPerm modified mode [ 'lib/natural/stemmers/lancaster_stemmer.js', 436, 438 ]
711 silly gunzTarPerm extractEntry test/test02_loop_as_fast_as_possible.js
712 silly gunzTarPerm modified mode [ 'test/test02_loop_as_fast_as_possible.js', 420, 438 ]
713 silly gunzTarPerm extractEntry test/test27_puts_event_loop.js
714 silly gunzTarPerm modified mode [ 'test/test27_puts_event_loop.js', 420, 438 ]
715 silly gunzTarPerm extractEntry lib/natural/stemmers/token.js
716 silly gunzTarPerm modified mode [ 'lib/natural/stemmers/token.js', 436, 438 ]
717 silly gunzTarPerm extractEntry lib/natural/stemmers/stemmer.js
718 silly gunzTarPerm modified mode [ 'lib/natural/stemmers/stemmer.js', 436, 438 ]
719 silly gunzTarPerm extractEntry test/test01_loop_as_fast_as_possible.js
720 silly gunzTarPerm modified mode [ 'test/test01_loop_as_fast_as_possible.js', 420, 438 ]
721 silly gunzTarPerm extractEntry test/test28_puts_nextTick_loop.js
722 silly gunzTarPerm modified mode [ 'test/test28_puts_nextTick_loop.js', 420, 438 ]
723 silly gunzTarPerm extractEntry lib/natural/tfidf/tfidf.js
724 silly gunzTarPerm modified mode [ 'lib/natural/tfidf/tfidf.js', 436, 438 ]
725 silly gunzTarPerm extractEntry lib/natural/tokenizers/aggressive_tokenizer.js
726 silly gunzTarPerm modified mode [ 'lib/natural/tokenizers/aggressive_tokenizer.js', 436, 438 ]
727 silly gunzTarPerm extractEntry lib/natural/tokenizers/aggressive_tokenizer_it.js
728 silly gunzTarPerm modified mode [ 'lib/natural/tokenizers/aggressive_tokenizer_it.js', 436, 438 ]
729 silly gunzTarPerm extractEntry lib/natural/tokenizers/aggressive_tokenizer_nl.js
730 silly gunzTarPerm modified mode [ 'lib/natural/tokenizers/aggressive_tokenizer_nl.js', 436, 438 ]
731 silly gunzTarPerm extractEntry lib/natural/tokenizers/aggressive_tokenizer_no.js
732 silly gunzTarPerm modified mode [ 'lib/natural/tokenizers/aggressive_tokenizer_no.js', 436, 438 ]
733 silly gunzTarPerm extractEntry lib/natural/tokenizers/aggressive_tokenizer_pl.js
734 silly gunzTarPerm modified mode [ 'lib/natural/tokenizers/aggressive_tokenizer_pl.js', 436, 438 ]
735 silly gunzTarPerm extractEntry lib/natural/tokenizers/aggressive_tokenizer_fr.js
736 silly gunzTarPerm modified mode [ 'lib/natural/tokenizers/aggressive_tokenizer_fr.js', 436, 438 ]
737 silly gunzTarPerm extractEntry lib/natural/tokenizers/aggressive_tokenizer_ru.js
738 silly gunzTarPerm modified mode [ 'lib/natural/tokenizers/aggressive_tokenizer_ru.js', 436, 438 ]
739 silly gunzTarPerm extractEntry test/test00_run_once_and_destroy.js
740 silly gunzTarPerm modified mode [ 'test/test00_run_once_and_destroy.js', 436, 438 ]
741 silly gunzTarPerm extractEntry test/test29_puts_callback_loop.js
742 silly gunzTarPerm modified mode [ 'test/test29_puts_callback_loop.js', 420, 438 ]
743 silly gunzTarPerm extractEntry lib/natural/tokenizers/regexp_tokenizer.js
744 silly gunzTarPerm modified mode [ 'lib/natural/tokenizers/regexp_tokenizer.js', 436, 438 ]
745 silly gunzTarPerm extractEntry lib/natural/tokenizers/sentence_tokenizer.js
746 silly gunzTarPerm modified mode [ 'lib/natural/tokenizers/sentence_tokenizer.js', 436, 438 ]
747 silly gunzTarPerm extractEntry lib/natural/tokenizers/tokenizer.js
748 silly gunzTarPerm modified mode [ 'lib/natural/tokenizers/tokenizer.js', 436, 438 ]
749 silly gunzTarPerm extractEntry lib/natural/tokenizers/tokenizer_case.js
750 silly gunzTarPerm modified mode [ 'lib/natural/tokenizers/tokenizer_case.js', 436, 438 ]
751 silly gunzTarPerm extractEntry lib/natural/tokenizers/aggressive_tokenizer_fa.js
752 silly gunzTarPerm modified mode [ 'lib/natural/tokenizers/aggressive_tokenizer_fa.js', 436, 438 ]
753 silly gunzTarPerm extractEntry lib/natural/tokenizers/tokenizer_ja.js
754 silly gunzTarPerm modified mode [ 'lib/natural/tokenizers/tokenizer_ja.js', 436, 438 ]
755 silly gunzTarPerm extractEntry lib/natural/tokenizers/aggressive_tokenizer_es.js
756 silly gunzTarPerm modified mode [ 'lib/natural/tokenizers/aggressive_tokenizer_es.js', 436, 438 ]
757 silly gunzTarPerm extractEntry lib/natural/tokenizers/treebank_word_tokenizer.js
758 silly gunzTarPerm modified mode [ 'lib/natural/tokenizers/treebank_word_tokenizer.js', 436, 438 ]
759 silly gunzTarPerm extractEntry lib/natural/tokenizers/aggressive_tokenizer_pt.js
760 silly gunzTarPerm modified mode [ 'lib/natural/tokenizers/aggressive_tokenizer_pt.js', 436, 438 ]
761 silly gunzTarPerm extractEntry lib/natural/transliterators/ja/index.js
762 silly gunzTarPerm modified mode [ 'lib/natural/transliterators/ja/index.js', 436, 438 ]
763 silly gunzTarPerm extractEntry lib/natural/trie/trie.js
764 silly gunzTarPerm modified mode [ 'lib/natural/trie/trie.js', 436, 438 ]
765 silly gunzTarPerm extractEntry lib/natural/util/bag.js
766 silly gunzTarPerm modified mode [ 'lib/natural/util/bag.js', 436, 438 ]
767 silly gunzTarPerm extractEntry lib/natural/util/stopwords_es.js
768 silly gunzTarPerm modified mode [ 'lib/natural/util/stopwords_es.js', 436, 438 ]
769 silly gunzTarPerm extractEntry lib/natural/util/stopwords_fa.js
770 silly gunzTarPerm modified mode [ 'lib/natural/util/stopwords_fa.js', 436, 438 ]
771 silly gunzTarPerm extractEntry lib/natural/util/stopwords_fr.js
772 silly gunzTarPerm modified mode [ 'lib/natural/util/stopwords_fr.js', 436, 438 ]
773 silly gunzTarPerm extractEntry lib/natural/util/stopwords_it.js
774 silly gunzTarPerm modified mode [ 'lib/natural/util/stopwords_it.js', 436, 438 ]
775 silly gunzTarPerm extractEntry lib/natural/util/stopwords.js
776 silly gunzTarPerm modified mode [ 'lib/natural/util/stopwords.js', 436, 438 ]
777 silly gunzTarPerm extractEntry lib/natural/util/stopwords_nl.js
778 silly gunzTarPerm modified mode [ 'lib/natural/util/stopwords_nl.js', 509, 511 ]
779 silly gunzTarPerm extractEntry lib/natural/util/stopwords_no.js
780 silly gunzTarPerm modified mode [ 'lib/natural/util/stopwords_no.js', 436, 438 ]
781 silly gunzTarPerm extractEntry lib/natural/util/stopwords_pl.js
782 silly gunzTarPerm modified mode [ 'lib/natural/util/stopwords_pl.js', 436, 438 ]
783 silly gunzTarPerm extractEntry lib/natural/util/stopwords_pt.js
784 silly gunzTarPerm modified mode [ 'lib/natural/util/stopwords_pt.js', 436, 438 ]
785 silly gunzTarPerm extractEntry lib/natural/util/stopwords_ru.js
786 silly gunzTarPerm modified mode [ 'lib/natural/util/stopwords_ru.js', 436, 438 ]
787 silly gunzTarPerm extractEntry lib/natural/util/shortest_path_tree.js
788 silly gunzTarPerm modified mode [ 'lib/natural/util/shortest_path_tree.js', 436, 438 ]
789 silly gunzTarPerm extractEntry lib/natural/util/stopwords_zh.js
790 silly gunzTarPerm modified mode [ 'lib/natural/util/stopwords_zh.js', 436, 438 ]
791 silly gunzTarPerm extractEntry test/test14_emit_once.js
792 silly gunzTarPerm modified mode [ 'test/test14_emit_once.js', 420, 438 ]
793 silly gunzTarPerm extractEntry .editorconfig
794 silly gunzTarPerm modified mode [ '.editorconfig', 420, 438 ]
795 silly gunzTarPerm extractEntry lib/natural/util/longest_path_tree.js
796 silly gunzTarPerm modified mode [ 'lib/natural/util/longest_path_tree.js', 436, 438 ]
797 silly gunzTarPerm extractEntry lib/natural/util/topological.js
798 silly gunzTarPerm modified mode [ 'lib/natural/util/topological.js', 436, 438 ]
799 silly gunzTarPerm extractEntry lib/natural/util/edge_weighted_digraph.js
800 silly gunzTarPerm modified mode [ 'lib/natural/util/edge_weighted_digraph.js', 436, 438 ]
801 silly gunzTarPerm extractEntry lib/natural/util/utils.js
802 silly gunzTarPerm modified mode [ 'lib/natural/util/utils.js', 436, 438 ]
803 silly gunzTarPerm extractEntry lib/natural/util/stopwords_ja.js
804 silly gunzTarPerm modified mode [ 'lib/natural/util/stopwords_ja.js', 436, 438 ]
805 silly gunzTarPerm extractEntry .travis.yml
806 silly gunzTarPerm modified mode [ '.travis.yml', 436, 438 ]
807 silly gunzTarPerm extractEntry yarn.lock
808 silly gunzTarPerm modified mode [ 'yarn.lock', 436, 438 ]
809 silly gunzTarPerm extractEntry lib/natural/wordnet/data_file.js
810 silly gunzTarPerm modified mode [ 'lib/natural/wordnet/data_file.js', 436, 438 ]
811 silly gunzTarPerm extractEntry lib/natural/wordnet/index_file.js
812 silly gunzTarPerm modified mode [ 'lib/natural/wordnet/index_file.js', 436, 438 ]
813 silly gunzTarPerm extractEntry lib/natural/wordnet/wordnet.js
814 silly gunzTarPerm modified mode [ 'lib/natural/wordnet/wordnet.js', 436, 438 ]
815 silly gunzTarPerm extractEntry lib/natural/wordnet/wordnet_file.js
816 silly gunzTarPerm modified mode [ 'lib/natural/wordnet/wordnet_file.js', 436, 438 ]
817 silly gunzTarPerm extractEntry lr_classifier.json
818 silly gunzTarPerm modified mode [ 'lr_classifier.json', 436, 438 ]
819 silly gunzTarPerm extractEntry .vscode/temp.sql
820 silly gunzTarPerm modified mode [ '.vscode/temp.sql', 436, 438 ]
821 silly gentlyRm D:\nlp\node_modules\.staging\webworker-threads-683112e8\node_modules is being purged
822 verbose gentlyRm don't care about contents; nuking D:\nlp\node_modules\.staging\webworker-threads-683112e8\node_modules
823 silly gentlyRm D:\nlp\node_modules\.staging\natural-a511db6b\node_modules is being purged
824 verbose gentlyRm don't care about contents; nuking D:\nlp\node_modules\.staging\natural-a511db6b\node_modules
825 silly doParallel preinstall 4
826 silly preinstall bindings@1.2.1 D:\nlp\node_modules\.staging\bindings-bb3ce638
827 info lifecycle bindings@1.2.1~preinstall: bindings@1.2.1
828 silly preinstall nan@2.6.2 D:\nlp\node_modules\.staging\nan-f7fdf929
829 info lifecycle nan@2.6.2~preinstall: nan@2.6.2
830 silly preinstall webworker-threads@0.7.11 D:\nlp\node_modules\.staging\webworker-threads-683112e8
831 info lifecycle webworker-threads@0.7.11~preinstall: webworker-threads@0.7.11
832 silly preinstall natural@0.5.1 D:\nlp\node_modules\.staging\natural-a511db6b
833 info lifecycle natural@0.5.1~preinstall: natural@0.5.1
834 silly lifecycle bindings@1.2.1~preinstall: no script for preinstall, continuing
835 silly lifecycle nan@2.6.2~preinstall: no script for preinstall, continuing
836 silly lifecycle webworker-threads@0.7.11~preinstall: no script for preinstall, continuing
837 silly lifecycle natural@0.5.1~preinstall: no script for preinstall, continuing
838 silly doReverseSerial remove 0
839 silly doSerial move 0
840 silly doSerial finalize 4
841 silly finalize D:\nlp\node_modules\bindings
842 silly finalize D:\nlp\node_modules\nan
843 silly finalize D:\nlp\node_modules\webworker-threads
844 silly finalize D:\nlp\node_modules\natural
845 silly doSerial build 4
846 silly build bindings@1.2.1
847 info linkStuff bindings@1.2.1
848 silly linkStuff bindings@1.2.1 has D:\nlp\node_modules as its parent node_modules
849 verbose linkBins bindings@1.2.1
850 verbose linkMans bindings@1.2.1
851 silly build nan@2.6.2
852 info linkStuff nan@2.6.2
853 silly linkStuff nan@2.6.2 has D:\nlp\node_modules as its parent node_modules
854 verbose linkBins nan@2.6.2
855 verbose linkMans nan@2.6.2
856 silly build webworker-threads@0.7.11
857 info linkStuff webworker-threads@0.7.11
858 silly linkStuff webworker-threads@0.7.11 has D:\nlp\node_modules as its parent node_modules
859 verbose linkBins webworker-threads@0.7.11
860 verbose linkMans webworker-threads@0.7.11
861 silly build natural@0.5.1
862 info linkStuff natural@0.5.1
863 silly linkStuff natural@0.5.1 has D:\nlp\node_modules as its parent node_modules
864 verbose linkBins natural@0.5.1
865 verbose linkMans natural@0.5.1
866 silly doSerial global-link 0
867 silly doParallel update-linked 0
868 silly doSerial install 4
869 silly install bindings@1.2.1 D:\nlp\node_modules\.staging\bindings-bb3ce638
870 info lifecycle bindings@1.2.1~install: bindings@1.2.1
871 silly lifecycle bindings@1.2.1~install: no script for install, continuing
872 silly install nan@2.6.2 D:\nlp\node_modules\.staging\nan-f7fdf929
873 info lifecycle nan@2.6.2~install: nan@2.6.2
874 silly lifecycle nan@2.6.2~install: no script for install, continuing
875 silly install webworker-threads@0.7.11 D:\nlp\node_modules\.staging\webworker-threads-683112e8
876 info lifecycle webworker-threads@0.7.11~install: webworker-threads@0.7.11
877 verbose lifecycle webworker-threads@0.7.11~install: unsafe-perm in lifecycle true
878 verbose lifecycle webworker-threads@0.7.11~install: PATH: C:\Program Files\nodejs\node_modules\npm\bin\node-gyp-bin;D:\nlp\node_modules\webworker-threads\node_modules\.bin;D:\nlp\node_modules\.bin;C:\ProgramData\Oracle\Java\javapath;C:\Windows\system32;C:\Windows;C:\Windows\System32\Wbem;C:\Windows\System32\WindowsPowerShell\v1.0\;C:\Program Files (x86)\Windows Kits\8.1\Windows Performance Toolkit\;C:\Program Files\Microsoft SQL Server\110\Tools\Binn\;C:\Program Files\Microsoft SQL Server\120\Tools\Binn\;C:\Program Files\MATLAB\R2015a\bin\;C:\Program Files (x86)\misc\phantomjs-2.0.0-windows\bin;C:\Windows\Microsoft.NET\Framework\v4.0.30319;C:\Program Files (x86)\misc\;C:\Program Files (x86)\WebEx\Productivity Tools;C:\Program Files (x86)\Microsoft SQL Server\100\Tools\Binn\;C:\Program Files\Microsoft SQL Server\100\Tools\Binn\;C:\Program Files\Microsoft SQL Server\100\DTS\Binn\;C:\Program Files (x86)\Microsoft SQL Server\100\Tools\Binn\VSShell\Common7\IDE\;C:\Program Files (x86)\Microsoft SQL Server\100\DTS\Binn\;C:\Program Files\Git\cmd;C:\Program Files\Microsoft SQL Server\130\Tools\Binn\;C:\Program Files (x86)\Microsoft SDKs\TypeScript\1.0\;C:\Program Files\Java\jdk1.8.0_101\bin;C:\Program Files (x86)\Skype\Phone\;C:\Program Files\dotnet\;C:\Program Files\nodejs\;C:\Users\Drake.bennion\.dnx\bin;C:\Python27;C:\Program Files (x86)\Microsoft VS Code\bin;C:\Users\Drake.bennion\AppData\Roaming\npm
879 verbose lifecycle webworker-threads@0.7.11~install: CWD: D:\nlp\node_modules\webworker-threads
880 silly lifecycle webworker-threads@0.7.11~install: Args: [ '/d /s /c', 'node-gyp rebuild' ]
881 silly lifecycle webworker-threads@0.7.11~install: Returned: code: 1  signal: null
882 info lifecycle webworker-threads@0.7.11~install: Failed to exec install script
883 verbose unlock done using C:\Users\Drake.bennion\AppData\Roaming\npm-cache\_locks\staging-1b6f4bce48ad5002.lock for D:\nlp\node_modules\.staging
884 silly rollbackFailedOptional Starting
885 silly rollbackFailedOptional Finishing
886 silly runTopLevelLifecycles Finishing
887 silly install printInstalled
888 warn enoent ENOENT: no such file or directory, open 'D:\nlp\package.json'
889 verbose enoent ENOENT: no such file or directory, open 'D:\nlp\package.json'
889 verbose enoent This is most likely not a problem with npm itself
889 verbose enoent and is related to npm not being able to find a file.
890 warn nlp No description
891 verbose If you need help, you may report this error at:
891 verbose     <https://github.com/npm/npm/issues>
892 warn nlp No repository field.
893 verbose If you need help, you may report this error at:
893 verbose     <https://github.com/npm/npm/issues>
894 warn nlp No README data
895 verbose If you need help, you may report this error at:
895 verbose     <https://github.com/npm/npm/issues>
896 warn nlp No license field.
897 verbose If you need help, you may report this error at:
897 verbose     <https://github.com/npm/npm/issues>
898 verbose stack Error: webworker-threads@0.7.11 install: `node-gyp rebuild`
898 verbose stack Exit status 1
898 verbose stack     at EventEmitter.<anonymous> (C:\Program Files\nodejs\node_modules\npm\lib\utils\lifecycle.js:255:16)
898 verbose stack     at emitTwo (events.js:106:13)
898 verbose stack     at EventEmitter.emit (events.js:191:7)
898 verbose stack     at ChildProcess.<anonymous> (C:\Program Files\nodejs\node_modules\npm\lib\utils\spawn.js:40:14)
898 verbose stack     at emitTwo (events.js:106:13)
898 verbose stack     at ChildProcess.emit (events.js:191:7)
898 verbose stack     at maybeClose (internal/child_process.js:886:16)
898 verbose stack     at Process.ChildProcess._handle.onexit (internal/child_process.js:226:5)
899 verbose pkgid webworker-threads@0.7.11
900 verbose cwd D:\nlp
901 error Windows_NT 6.3.9600
902 error argv "C:\\Program Files\\nodejs\\node.exe" "C:\\Program Files\\nodejs\\node_modules\\npm\\bin\\npm-cli.js" "install" "natural"
903 error node v6.10.2
904 error npm  v3.10.10
905 error code ELIFECYCLE
906 error webworker-threads@0.7.11 install: `node-gyp rebuild`
906 error Exit status 1
907 error Failed at the webworker-threads@0.7.11 install script 'node-gyp rebuild'.
907 error Make sure you have the latest version of node.js and npm installed.
907 error If you do, this is most likely a problem with the webworker-threads package,
907 error not with npm itself.
907 error Tell the author that this fails on your system:
907 error     node-gyp rebuild
907 error You can get information on how to open an issue for this project with:
907 error     npm bugs webworker-threads
907 error Or if that isn't available, you can get their info via:
907 error     npm owner ls webworker-threads
907 error There is likely additional logging output above.
908 verbose exit [ 1, true ]
